<?xml version="1.0" encoding="UTF-8"?>
<!-- Generated by org.testng.reporters.JUnitXMLReporter -->
<testsuite hostname="sandra-VirtualBox" name="Surefire test" tests="21" failures="0" timestamp="17 Dec 2017 13:31:36 GMT" time="1.318" errors="0">
  <testcase name="testMeterToCmSubtract on testMeterToCmSubtract(com.example.maven.calculator_sandra_b.FromMetersTest)" time="0.224" classname="com.example.maven.calculator_sandra_b.FromMetersTest"/>
  <testcase name="testMeterToMileWithZero on testMeterToMileWithZero(com.example.maven.calculator_sandra_b.FromMetersTest)" time="0.099" classname="com.example.maven.calculator_sandra_b.FromMetersTest"/>
  <testcase name="testMeterToCmWithZero on testMeterToCmWithZero(com.example.maven.calculator_sandra_b.FromMetersTest)" time="0.078" classname="com.example.maven.calculator_sandra_b.FromMetersTest"/>
  <testcase name="testMeterToFoot on testMeterToFoot(com.example.maven.calculator_sandra_b.FromMetersTest)" time="0.042" classname="com.example.maven.calculator_sandra_b.FromMetersTest"/>
  <testcase name="testMeterToInch on testMeterToInch(com.example.maven.calculator_sandra_b.FromMetersTest)" time="0.031" classname="com.example.maven.calculator_sandra_b.FromMetersTest"/>
  <testcase name="testMeterToMile on testMeterToMile(com.example.maven.calculator_sandra_b.FromMetersTest)" time="0.042" classname="com.example.maven.calculator_sandra_b.FromMetersTest"/>
  <testcase name="testMeterToYard on testMeterToYard(com.example.maven.calculator_sandra_b.FromMetersTest)" time="0.049" classname="com.example.maven.calculator_sandra_b.FromMetersTest"/>
  <testcase name="testMeterToCm on testMeterToCm(com.example.maven.calculator_sandra_b.FromMetersTest)" time="0.04" classname="com.example.maven.calculator_sandra_b.FromMetersTest"/>
  <testcase name="testMeterToKm on testMeterToKm(com.example.maven.calculator_sandra_b.FromMetersTest)" time="0.013" classname="com.example.maven.calculator_sandra_b.FromMetersTest"/>
  <testcase name="testMeterToMm on testMeterToMm(com.example.maven.calculator_sandra_b.FromMetersTest)" time="0.011" classname="com.example.maven.calculator_sandra_b.FromMetersTest"/>
  <testcase name="testMeterToMmSubtract on testMeterToMmSubtract(com.example.maven.calculator_sandra_b.FromMetersTest)" time="0.016" classname="com.example.maven.calculator_sandra_b.FromMetersTest"/>
  <testcase name="testMeterToFootSubtract on testMeterToFootSubtract(com.example.maven.calculator_sandra_b.FromMetersTest)" time="0.024" classname="com.example.maven.calculator_sandra_b.FromMetersTest"/>
  <testcase name="testMeterToYardSubtract on testMeterToYardSubtract(com.example.maven.calculator_sandra_b.FromMetersTest)" time="0.054" classname="com.example.maven.calculator_sandra_b.FromMetersTest"/>
  <testcase name="testMeterToKmSubtract on testMeterToKmSubtract(com.example.maven.calculator_sandra_b.FromMetersTest)" time="0.011" classname="com.example.maven.calculator_sandra_b.FromMetersTest"/>
  <testcase name="testMeterToInchSubtract on testMeterToInchSubtract(com.example.maven.calculator_sandra_b.FromMetersTest)" time="0.037" classname="com.example.maven.calculator_sandra_b.FromMetersTest"/>
  <testcase name="testMeterToMileSubtract on testMeterToMileSubtract(com.example.maven.calculator_sandra_b.FromMetersTest)" time="0.032" classname="com.example.maven.calculator_sandra_b.FromMetersTest"/>
  <testcase name="testMeterToMmWithZero on testMeterToMmWithZero(com.example.maven.calculator_sandra_b.FromMetersTest)" time="0.028" classname="com.example.maven.calculator_sandra_b.FromMetersTest"/>
  <testcase name="testMeterToFootWithZero on testMeterToFootWithZero(com.example.maven.calculator_sandra_b.FromMetersTest)" time="0.021" classname="com.example.maven.calculator_sandra_b.FromMetersTest"/>
  <testcase name="testMeterToYardWithZero on testMeterToYardWithZero(com.example.maven.calculator_sandra_b.FromMetersTest)" time="0.017" classname="com.example.maven.calculator_sandra_b.FromMetersTest"/>
  <testcase name="testMeterToKmWithZero on testMeterToKmWithZero(com.example.maven.calculator_sandra_b.FromMetersTest)" time="0.008" classname="com.example.maven.calculator_sandra_b.FromMetersTest"/>
  <testcase name="testMeterToInchWithZero on testMeterToInchWithZero(com.example.maven.calculator_sandra_b.FromMetersTest)" time="0.013" classname="com.example.maven.calculator_sandra_b.FromMetersTest"/>
</testsuite> <!-- Surefire test -->
